0 info it worked if it ends with ok
1 verbose cli [ '/home/newming/.nvm/versions/node/v7.1.0/bin/node',
1 verbose cli   '/home/newming/.nvm/versions/node/v7.1.0/bin/npm',
1 verbose cli   'run',
1 verbose cli   'dev' ]
2 info using npm@3.10.9
3 info using node@v7.1.0
4 verbose run-script [ 'predev', 'dev', 'postdev' ]
5 info lifecycle 1610-demo@1.0.0~predev: 1610-demo@1.0.0
6 silly lifecycle 1610-demo@1.0.0~predev: no script for predev, continuing
7 info lifecycle 1610-demo@1.0.0~dev: 1610-demo@1.0.0
8 verbose lifecycle 1610-demo@1.0.0~dev: unsafe-perm in lifecycle true
9 verbose lifecycle 1610-demo@1.0.0~dev: PATH: /home/newming/.nvm/versions/node/v7.1.0/lib/node_modules/npm/bin/node-gyp-bin:/home/newming/桌面/1610-demo/lifecycle/node_modules/.bin:/home/newming/.nvm/versions/node/v7.1.0/bin:/usr/local/bin:/usr/bin:/bin:/usr/local/games:/usr/games
10 verbose lifecycle 1610-demo@1.0.0~dev: CWD: /home/newming/桌面/1610-demo/lifecycle
11 silly lifecycle 1610-demo@1.0.0~dev: Args: [ '-c', 'webpack-dev-server --config webpack.dev.config.js' ]
12 info lifecycle 1610-demo@1.0.0~dev: Failed to exec dev script
13 verbose stack Error: 1610-demo@1.0.0 dev: `webpack-dev-server --config webpack.dev.config.js`
13 verbose stack spawn ENOENT
13 verbose stack     at ChildProcess.<anonymous> (/home/newming/.nvm/versions/node/v7.1.0/lib/node_modules/npm/lib/utils/spawn.js:33:16)
13 verbose stack     at emitTwo (events.js:106:13)
13 verbose stack     at ChildProcess.emit (events.js:191:7)
13 verbose stack     at maybeClose (internal/child_process.js:885:16)
13 verbose stack     at Process.ChildProcess._handle.onexit (internal/child_process.js:226:5)
14 verbose pkgid 1610-demo@1.0.0
15 verbose cwd /home/newming/桌面/1610-demo/lifecycle
16 error Linux 4.4.0-3-deepin-amd64
17 error argv "/home/newming/.nvm/versions/node/v7.1.0/bin/node" "/home/newming/.nvm/versions/node/v7.1.0/bin/npm" "run" "dev"
18 error node v7.1.0
19 error npm  v3.10.9
20 error file sh
21 error code ELIFECYCLE
22 error errno ENOENT
23 error syscall spawn
24 error 1610-demo@1.0.0 dev: `webpack-dev-server --config webpack.dev.config.js`
24 error spawn ENOENT
25 error Failed at the 1610-demo@1.0.0 dev script 'webpack-dev-server --config webpack.dev.config.js'.
25 error Make sure you have the latest version of node.js and npm installed.
25 error If you do, this is most likely a problem with the 1610-demo package,
25 error not with npm itself.
25 error Tell the author that this fails on your system:
25 error     webpack-dev-server --config webpack.dev.config.js
25 error You can get information on how to open an issue for this project with:
25 error     npm bugs 1610-demo
25 error Or if that isn't available, you can get their info via:
25 error     npm owner ls 1610-demo
25 error There is likely additional logging output above.
26 verbose exit [ 1, true ]
